[debug] > Exec(early(addDefaultCommands), None, None)
[debug] > Exec(addDefaultCommands, None, None)
[debug] > Exec(early(initialize), None, None)
[debug] > Exec(initialize, None, None)
[debug] > Exec(early(addPluginSbtFile="""C:\Users\usman\AppData\Local\Temp\idea.sbt"""), None, None)
[debug] > Exec(addPluginSbtFile="""C:\Users\usman\AppData\Local\Temp\idea.sbt""", None, None)
[debug] > Exec(boot, None, None)
[debug] > Exec(writeSbtVersion, None, None)
[debug] > Exec(reload, None, None)
[debug] > Exec(sbtStashOnFailure, None, None)
[debug] > Exec(onFailure loadFailed, None, None)
[debug] > Exec(loadp, None, None)
[info] welcome to sbt 1.8.2 (Oracle Corporation Java 1.8.0_361)
[debug]       Load.loadUnit: plugins took 124.7ms
[debug]       Load.loadUnit: defsScala took 0.4299ms
[debug] [Loading] Scanning directory C:\Users\usman\.sbt\1.0\plugins
[debug] [Loading] Found non-root projects 
[debug] [Loading] Done in C:\Users\usman\.sbt\1.0\plugins, returning: ()
[debug] deducing auto plugins based on known facts Set(Atom(sbt.plugins.CorePlugin)) and clauses Clauses(Clause(Atom(sbt.plugins.JvmPlugin),Set(Atom(sbt.plugins.IvyPlugin)))
[debug] Clause(Atom(sbt.ScriptedPlugin),Set(Atom(sbt.plugins.JvmPlugin)))
[debug] Clause(Atom(sbt.plugins.SbtPlugin),Set(Atom(sbt.ScriptedPlugin)))
[debug] Clause(Atom(sbt.plugins.SemanticdbPlugin),Set(Atom(sbt.plugins.JvmPlugin)))
[debug] Clause(Atom(sbt.plugins.JUnitXmlReportPlugin),Set(Atom(sbt.plugins.JvmPlugin)))
[debug] Clause(Atom(sbt.plugins.MiniDependencyTreePlugin),Set(Atom(sbt.plugins.JvmPlugin)))
[debug] Clause(Atom(sbt.plugins.CorePlugin),Set(Atom(sbt.plugins.IvyPlugin)))
[debug] Clause(Atom(sbt.plugins.IvyPlugin),Set(Atom(sbt.plugins.JvmPlugin)))
[debug] Clause(Atom(sbt.plugins.JvmPlugin),Set(Atom(sbt.plugins.SemanticdbPlugin)))
[debug] Clause(Atom(sbt.plugins.JvmPlugin),Set(Atom(sbt.plugins.JUnitXmlReportPlugin)))
[debug] Clause(Atom(sbt.plugins.CorePlugin),Set(Atom(sbt.plugins.Giter8TemplatePlugin)))
[debug] Clause(Atom(sbt.plugins.JvmPlugin),Set(Atom(sbt.plugins.MiniDependencyTreePlugin))))
[debug]   :: deduced result: Matched(sbt.plugins.CorePlugin,sbt.plugins.Giter8TemplatePlugin,sbt.plugins.IvyPlugin,sbt.plugins.JvmPlugin,sbt.plugins.MiniDependencyTreePlugin,sbt.plugins.JUnitXmlReportPlugin,sbt.plugins.SemanticdbPlugin)
[debug] Plugins.deducer#function took 15.0663 ms
[debug]           Load.resolveProject(global-plugins) took 45.8859ms
[debug]         Load.loadTransitive: finalizeProject(Project(id global-plugins, base: C:\Users\usman\.sbt\1.0\plugins, plugins: List(<none>))) took 90.3104ms
[debug] [Loading] Done in C:\Users\usman\.sbt\1.0\plugins, returning: (global-plugins)
[debug]       Load.loadUnit: loadedProjectsRaw took 121.9095ms
[debug]       Load.loadUnit: cleanEvalClasses took 0.2802ms
[debug]     Load.loadUnit(file:/C:/Users/usman/.sbt/1.0/plugins/, ...) took 257.1648ms
[debug]   Load.apply: load took 552.8719ms
[debug]   Load.apply: resolveProjects took 5.7381ms
[debug]   Load.apply: finalTransforms took 51.9567ms
[debug]   Load.apply: config.delegates took 6.8596ms
[debug]   Load.apply: Def.make(settings)... took 390.4912ms
[debug]   Load.apply: structureIndex took 114.9929ms
[debug]   Load.apply: mkStreams took 1.6442ms
[info] loading global plugins from C:\Users\usman\.sbt\1.0\plugins
[debug] Running task... Cancel: Signal, check cycles: false, forcegc: true
[debug] Load.defaultLoad until apply took 2950.1551ms
[debug]           Load.loadUnit: plugins took 32.1757ms
[debug]           Load.loadUnit: defsScala took 0.0079ms
[debug] [Loading] Scanning directory C:\Users\usman\OneDrive\Desktop\addressapp\project
[debug]             Load.loadUnit: mkEval took 12.02ms
[debug] [Loading] Found non-root projects 
[debug] [Loading] Done in C:\Users\usman\OneDrive\Desktop\addressapp\project, returning: ()
[debug] deducing auto plugins based on known facts Set(Atom(sbt.plugins.CorePlugin)) and clauses Clauses(Clause(Atom(sbt.plugins.JvmPlugin),Set(Atom(sbt.plugins.IvyPlugin)))
[debug] Clause(Atom(sbt.ScriptedPlugin),Set(Atom(sbt.plugins.JvmPlugin)))
[debug] Clause(Atom(sbt.plugins.SbtPlugin),Set(Atom(sbt.ScriptedPlugin)))
[debug] Clause(Atom(sbt.plugins.SemanticdbPlugin),Set(Atom(sbt.plugins.JvmPlugin)))
[debug] Clause(Atom(sbt.plugins.JUnitXmlReportPlugin),Set(Atom(sbt.plugins.JvmPlugin)))
[debug] Clause(Atom(sbt.plugins.MiniDependencyTreePlugin),Set(Atom(sbt.plugins.JvmPlugin)))
[debug] Clause(Atom(sbt.plugins.CorePlugin),Set(Atom(sbt.plugins.IvyPlugin)))
[debug] Clause(Atom(sbt.plugins.IvyPlugin),Set(Atom(sbt.plugins.JvmPlugin)))
[debug] Clause(Atom(sbt.plugins.JvmPlugin),Set(Atom(sbt.plugins.SemanticdbPlugin)))
[debug] Clause(Atom(sbt.plugins.JvmPlugin),Set(Atom(sbt.plugins.JUnitXmlReportPlugin)))
[debug] Clause(Atom(sbt.plugins.CorePlugin),Set(Atom(sbt.plugins.Giter8TemplatePlugin)))
[debug] Clause(Atom(sbt.plugins.JvmPlugin),Set(Atom(sbt.plugins.MiniDependencyTreePlugin))))
[debug]   :: deduced result: Matched(sbt.plugins.CorePlugin,sbt.plugins.Giter8TemplatePlugin,sbt.plugins.IvyPlugin,sbt.plugins.JvmPlugin,sbt.plugins.MiniDependencyTreePlugin,sbt.plugins.JUnitXmlReportPlugin,sbt.plugins.SemanticdbPlugin)
[debug] Plugins.deducer#function took 3.9672 ms
[info] loading settings for project addressapp-build from idea.sbt ...
[debug]               Load.resolveProject(addressapp-build) took 5.2462ms
[debug]             Load.loadTransitive: finalizeProject(Project(id addressapp-build, base: C:\Users\usman\OneDrive\Desktop\addressapp\project, plugins: List(<none>))) took 10.3037ms
[debug] [Loading] Done in C:\Users\usman\OneDrive\Desktop\addressapp\project, returning: (addressapp-build)
[debug]           Load.loadUnit: loadedProjectsRaw took 305.1784ms
[debug]           Load.loadUnit: cleanEvalClasses took 9.0441ms
[debug]         Load.loadUnit(file:/C:/Users/usman/OneDrive/Desktop/addressapp/project/, ...) took 347.9785ms
[debug]       Load.apply: load took 351.444ms
[debug]       Load.apply: resolveProjects took 0.2731ms
[debug]       Load.apply: finalTransforms took 16.5389ms
[debug]       Load.apply: config.delegates took 0.5784ms
[debug]       Load.apply: Def.make(settings)... took 131.5223ms
[debug]       Load.apply: structureIndex took 48.3558ms
[debug]       Load.apply: mkStreams took 0.004ms
[info] loading project definition from C:\Users\usman\OneDrive\Desktop\addressapp\project
[debug] Running task... Cancel: Signal, check cycles: false, forcegc: true
[debug]     Load.loadUnit: plugins took 1088.4954ms
[debug]     Load.loadUnit: defsScala took 0.0034ms
[debug] [Loading] Scanning directory C:\Users\usman\OneDrive\Desktop\addressapp
[debug]       Load.loadUnit: mkEval took 1.4945ms
[debug] [Loading] Found root project root w/ remaining 
[debug] deducing auto plugins based on known facts Set(Atom(sbt.plugins.CorePlugin)) and clauses Clauses(Clause(Atom(sbt.plugins.JvmPlugin),Set(Atom(sbt.plugins.IvyPlugin)))
[debug] Clause(Atom(sbt.ScriptedPlugin),Set(Atom(sbt.plugins.JvmPlugin)))
[debug] Clause(Atom(sbt.plugins.SbtPlugin),Set(Atom(sbt.ScriptedPlugin)))
[debug] Clause(Atom(sbt.plugins.SemanticdbPlugin),Set(Atom(sbt.plugins.JvmPlugin)))
[debug] Clause(Atom(sbt.plugins.JUnitXmlReportPlugin),Set(Atom(sbt.plugins.JvmPlugin)))
[debug] Clause(Atom(sbt.plugins.MiniDependencyTreePlugin),Set(Atom(sbt.plugins.JvmPlugin)))
[debug] Clause(Atom(org.jetbrains.sbt.StructurePlugin),Set(Atom(sbt.plugins.JvmPlugin)))
[debug] Clause(Atom(org.jetbrains.sbt.IdeaShellPlugin),Set(Atom(sbt.plugins.JvmPlugin)))
[debug] Clause(Atom(org.jetbrains.sbt.indices.SbtIntellijIndicesPlugin),Set(Atom(sbt.plugins.JvmPlugin)))
[debug] Clause(Atom(sbt.plugins.CorePlugin),Set(Atom(sbt.plugins.IvyPlugin)))
[debug] Clause(Atom(sbt.plugins.IvyPlugin),Set(Atom(sbt.plugins.JvmPlugin)))
[debug] Clause(Atom(sbt.plugins.JvmPlugin),Set(Atom(sbt.plugins.SemanticdbPlugin)))
[debug] Clause(Atom(sbt.plugins.JvmPlugin),Set(Atom(sbt.plugins.JUnitXmlReportPlugin)))
[debug] Clause(Atom(sbt.plugins.CorePlugin),Set(Atom(sbt.plugins.Giter8TemplatePlugin)))
[debug] Clause(Atom(sbt.plugins.JvmPlugin),Set(Atom(sbt.plugins.MiniDependencyTreePlugin)))
[debug] Clause(Atom(sbt.plugins.JvmPlugin),Set(Atom(org.jetbrains.sbt.StructurePlugin)))
[debug] Clause(Atom(sbt.plugins.JvmPlugin),Set(Atom(org.jetbrains.sbt.IdeaShellPlugin)))
[debug] Clause(And(Set(Atom(sbt.plugins.CorePlugin), Atom(sbt.plugins.JvmPlugin))),Set(Atom(org.jetbrains.sbt.indices.SbtIntellijIndicesPlugin))))
[debug]   :: deduced result: Matched(sbt.plugins.CorePlugin,sbt.plugins.Giter8TemplatePlugin,sbt.plugins.IvyPlugin,sbt.plugins.JvmPlugin,sbt.plugins.SemanticdbPlugin,org.jetbrains.sbt.indices.SbtIntellijIndicesPlugin,sbt.plugins.JUnitXmlReportPlugin,org.jetbrains.sbt.IdeaShellPlugin,org.jetbrains.sbt.StructurePlugin,sbt.plugins.MiniDependencyTreePlugin)
[debug] Plugins.deducer#function took 3.5924 ms
[info] loading settings for project root from build.sbt ...
[debug]         Load.resolveProject(root) took 32.3791ms
[debug]       Load.loadTransitive: finalizeProject(Project(id root, base: C:\Users\usman\OneDrive\Desktop\addressapp, plugins: List(<none>))) took 38.0862ms
[debug] [Loading] Done in C:\Users\usman\OneDrive\Desktop\addressapp, returning: (root)
[debug]     Load.loadUnit: loadedProjectsRaw took 154.6775ms
[debug]     Load.loadUnit: cleanEvalClasses took 7.3105ms
[debug]   Load.loadUnit(file:/C:/Users/usman/OneDrive/Desktop/addressapp/, ...) took 1251.1858ms
[debug] Load.apply: load took 1252.8907ms
[debug] Load.apply: resolveProjects took 0.1607ms
[debug] Load.apply: finalTransforms took 30.6479ms
[debug] Load.apply: config.delegates took 0.5477ms
[debug] Load.apply: Def.make(settings)... took 125.7708ms
[debug] Load.apply: structureIndex took 34.8631ms
[debug] Load.apply: mkStreams took 0.003ms
[info] set current project to addressapp (in build file:/C:/Users/usman/OneDrive/Desktop/addressapp/)
[debug] > Exec(sbtPopOnFailure, None, None)
[debug] > Exec(resumeFromFailure, None, None)
[debug] > Exec(notifyUsersAboutShell, None, None)
[debug] > Exec(iflast shell, None, None)
[debug] > Exec(; set ideaPort in Global := 57655 ; idea-shell, None, None)
[debug] > Exec(set ideaPort in Global := 57655, None, None)
[info] Defining Global / ideaPort
[info] The new value will be used by Compile / compile, Test / compile
[debug] Defining 
[debug] 	Global / ideaPort
[debug] 
[debug] The new value will be used by 
[debug] 	Compile / compile
[debug] 	Test / compile
[info] Reapplying settings...
[info] set current project to addressapp (in build file:/C:/Users/usman/OneDrive/Desktop/addressapp/)
[debug] > Exec(idea-shell, None, None)
