[0m[[0m[0mdebug[0m] [0m[0m> Exec(run, Some(d208ec2e-ba18-440e-9503-cc37b772cd9d), Some(CommandSource(console0)))[0m
[0m[[0m[0mdebug[0m] [0m[0mEvaluating tasks: Compile / run[0m
[0m[[0m[0mdebug[0m] [0m[0mRunning task... Cancel: Signal, check cycles: false, forcegc: true[0m
[0m[[0m[0minfo[0m] [0m[0mcompiling 9 Scala sources to C:\Users\usman\OneDrive\Desktop\addressapp\target\scala-2.12\classes ...[0m
[0m[[0m[31merror[0m] [0m[0mC:\Users\usman\OneDrive\Desktop\addressapp\src\main\scala\ch\makery\address\MainApp.scala:8:8: not found: object javafx[0m
[0m[[0m[31merror[0m] [0m[0mimport javafx.{scene => jfxs}[0m
[0m[[0m[31merror[0m] [0m[0m       ^[0m
[0m[[0m[31merror[0m] [0m[0mC:\Users\usman\OneDrive\Desktop\addressapp\src\main\scala\ch\makery\address\MainApp.scala:17:20: Symbol 'type javafx.fxml.FXMLLoader' is missing from the classpath.[0m
[0m[[0m[31merror[0m] [0m[0mThis symbol is required by 'class scalafxml.core.FXMLLoader'.[0m
[0m[[0m[31merror[0m] [0m[0mMake sure that type FXMLLoader is in your classpath and check for conflicting dependencies with `-Ylog-classpath`.[0m
[0m[[0m[31merror[0m] [0m[0mA full rebuild may help if 'FXMLLoader.class' was compiled against an incompatible version of javafx.fxml.[0m
[0m[[0m[31merror[0m] [0m[0m  val loader = new FXMLLoader(rootResource, NoDependencyResolver)[0m
[0m[[0m[31merror[0m] [0m[0m                   ^[0m
[0m[[0m[31merror[0m] [0m[0mC:\Users\usman\OneDrive\Desktop\addressapp\src\main\scala\ch\makery\address\MainApp.scala:19:10: value load is not a member of scalafxml.core.FXMLLoader[0m
[0m[[0m[31merror[0m] [0m[0m  loader.load();[0m
[0m[[0m[31merror[0m] [0m[0m         ^[0m
[0m[[0m[31merror[0m] [0m[0mC:\Users\usman\OneDrive\Desktop\addressapp\src\main\scala\ch\makery\address\MainApp.scala:21:22: value getRoot is not a member of scalafxml.core.FXMLLoader[0m
[0m[[0m[31merror[0m] [0m[0m  val roots = loader.getRoot[jfxs.layout.BorderPane][0m
[0m[[0m[31merror[0m] [0m[0m                     ^[0m
[0m[[0m[31merror[0m] [0m[0mC:\Users\usman\OneDrive\Desktop\addressapp\src\main\scala\ch\makery\address\MainApp.scala:21:30: not found: value jfxs[0m
[0m[[0m[31merror[0m] [0m[0m  val roots = loader.getRoot[jfxs.layout.BorderPane][0m
[0m[[0m[31merror[0m] [0m[0m                             ^[0m
[0m[[0m[31merror[0m] [0m[0mC:\Users\usman\OneDrive\Desktop\addressapp\src\main\scala\ch\makery\address\MainApp.scala:19:3: Symbol 'type javafx.event.EventTarget' is missing from the classpath.[0m
[0m[[0m[31merror[0m] [0m[0mThis symbol is required by 'class scalafx.stage.Window'.[0m
[0m[[0m[31merror[0m] [0m[0mMake sure that type EventTarget is in your classpath and check for conflicting dependencies with `-Ylog-classpath`.[0m
[0m[[0m[31merror[0m] [0m[0mA full rebuild may help if 'Window.class' was compiled against an incompatible version of javafx.event.[0m
[0m[[0m[31merror[0m] [0m[0m  loader.load();[0m
[0m[[0m[31merror[0m] [0m[0m  ^[0m
[0m[[0m[31merror[0m] [0m[0mC:\Users\usman\OneDrive\Desktop\addressapp\src\main\scala\ch\makery\address\MainApp.scala:36:12: value load is not a member of scalafxml.core.FXMLLoader[0m
[0m[[0m[31merror[0m] [0m[0m    loader.load();[0m
[0m[[0m[31merror[0m] [0m[0m           ^[0m
[0m[[0m[31merror[0m] [0m[0mC:\Users\usman\OneDrive\Desktop\addressapp\src\main\scala\ch\makery\address\MainApp.scala:37:24: value getRoot is not a member of scalafxml.core.FXMLLoader[0m
[0m[[0m[31merror[0m] [0m[0m    val roots = loader.getRoot[jfxs.layout.AnchorPane]()[0m
[0m[[0m[31merror[0m] [0m[0m                       ^[0m
[0m[[0m[31merror[0m] [0m[0mC:\Users\usman\OneDrive\Desktop\addressapp\src\main\scala\ch\makery\address\MainApp.scala:37:32: not found: value jfxs[0m
[0m[[0m[31merror[0m] [0m[0m    val roots = loader.getRoot[jfxs.layout.AnchorPane]()[0m
[0m[[0m[31merror[0m] [0m[0m                               ^[0m
[0m[[0m[31merror[0m] [0m[0mC:\Users\usman\OneDrive\Desktop\addressapp\src\main\scala\ch\makery\address\MainApp.scala:44:12: value load is not a member of scalafxml.core.FXMLLoader[0m
[0m[[0m[31merror[0m] [0m[0m    loader.load();[0m
[0m[[0m[31merror[0m] [0m[0m           ^[0m
[0m[[0m[31merror[0m] [0m[0mC:\Users\usman\OneDrive\Desktop\addressapp\src\main\scala\ch\makery\address\MainApp.scala:45:24: value getRoot is not a member of scalafxml.core.FXMLLoader[0m
[0m[[0m[31merror[0m] [0m[0m    val roots = loader.getRoot[jfxs.layout.AnchorPane]()[0m
[0m[[0m[31merror[0m] [0m[0m                       ^[0m
[0m[[0m[31merror[0m] [0m[0mC:\Users\usman\OneDrive\Desktop\addressapp\src\main\scala\ch\makery\address\MainApp.scala:45:32: not found: value jfxs[0m
[0m[[0m[31merror[0m] [0m[0m    val roots = loader.getRoot[jfxs.layout.AnchorPane]()[0m
[0m[[0m[31merror[0m] [0m[0m                               ^[0m
[0m[[0m[31merror[0m] [0m[0mC:\Users\usman\OneDrive\Desktop\addressapp\src\main\scala\ch\makery\address\MainApp.scala:53:12: value load is not a member of scalafxml.core.FXMLLoader[0m
[0m[[0m[31merror[0m] [0m[0m    loader.load();[0m
[0m[[0m[31merror[0m] [0m[0m           ^[0m
[0m[[0m[31merror[0m] [0m[0mC:\Users\usman\OneDrive\Desktop\addressapp\src\main\scala\ch\makery\address\MainApp.scala:54:24: value getRoot is not a member of scalafxml.core.FXMLLoader[0m
[0m[[0m[31merror[0m] [0m[0m    val roots = loader.getRoot[jfxs.layout.AnchorPane]()[0m
[0m[[0m[31merror[0m] [0m[0m                       ^[0m
[0m[[0m[31merror[0m] [0m[0mC:\Users\usman\OneDrive\Desktop\addressapp\src\main\scala\ch\makery\address\MainApp.scala:54:32: not found: value jfxs[0m
[0m[[0m[31merror[0m] [0m[0m    val roots = loader.getRoot[jfxs.layout.AnchorPane]()[0m
[0m[[0m[31merror[0m] [0m[0m                               ^[0m
[0m[[0m[31merror[0m] [0m[0mC:\Users\usman\OneDrive\Desktop\addressapp\src\main\scala\ch\makery\address\MainApp.scala:64:12: value load is not a member of scalafxml.core.FXMLLoader[0m
[0m[[0m[31merror[0m] [0m[0m    loader.load();[0m
[0m[[0m[31merror[0m] [0m[0m           ^[0m
[0m[[0m[31merror[0m] [0m[0mC:\Users\usman\OneDrive\Desktop\addressapp\src\main\scala\ch\makery\address\MainApp.scala:65:24: value getRoot is not a member of scalafxml.core.FXMLLoader[0m
[0m[[0m[31merror[0m] [0m[0m    val roots = loader.getRoot[jfxs.layout.AnchorPane][0m
[0m[[0m[31merror[0m] [0m[0m                       ^[0m
[0m[[0m[31merror[0m] [0m[0mC:\Users\usman\OneDrive\Desktop\addressapp\src\main\scala\ch\makery\address\MainApp.scala:65:32: not found: value jfxs[0m
[0m[[0m[31merror[0m] [0m[0m    val roots = loader.getRoot[jfxs.layout.AnchorPane][0m
[0m[[0m[31merror[0m] [0m[0m                               ^[0m
[0m[[0m[31merror[0m] [0m[0mC:\Users\usman\OneDrive\Desktop\addressapp\src\main\scala\ch\makery\address\MainApp.scala:73:12: value load is not a member of scalafxml.core.FXMLLoader[0m
[0m[[0m[31merror[0m] [0m[0m    loader.load(resource);[0m
[0m[[0m[31merror[0m] [0m[0m           ^[0m
[0m[[0m[31merror[0m] [0m[0mC:\Users\usman\OneDrive\Desktop\addressapp\src\main\scala\ch\makery\address\MainApp.scala:74:25: value getRoot is not a member of scalafxml.core.FXMLLoader[0m
[0m[[0m[31merror[0m] [0m[0m    val roots2 = loader.getRoot[jfxs.Parent][0m
[0m[[0m[31merror[0m] [0m[0m                        ^[0m
[0m[[0m[31merror[0m] [0m[0mC:\Users\usman\OneDrive\Desktop\addressapp\src\main\scala\ch\makery\address\MainApp.scala:74:33: not found: value jfxs[0m
[0m[[0m[31merror[0m] [0m[0m    val roots2 = loader.getRoot[jfxs.Parent][0m
[0m[[0m[31merror[0m] [0m[0m                                ^[0m
[0m[[0m[31merror[0m] [0m[0mC:\Users\usman\OneDrive\Desktop\addressapp\src\main\scala\ch\makery\address\view\HowToPlayController.scala:6:2: exception during macro expansion: [0m
[0m[[0m[31merror[0m] [0m[0mscala.ScalaReflectionException: object javafx.event.ActionEvent in compiler mirror not found.[0m
[0m[[0m[31merror[0m] [0m[0m	at scala.reflect.internal.Mirrors$RootsBase.staticClass(Mirrors.scala:141)[0m
[0m[[0m[31merror[0m] [0m[0m	at scala.reflect.internal.Mirrors$RootsBase.staticClass(Mirrors.scala:29)[0m
[0m[[0m[31merror[0m] [0m[0m	at scalafxml.core.macros.sfxmlMacro$.determineInputType$1(sfxmlMacro.scala:119)[0m
[0m[[0m[31merror[0m] [0m[0m	at scalafxml.core.macros.sfxmlMacro$.toJavaFXTypeOrOriginal$1(sfxmlMacro.scala:144)[0m
[0m[[0m[31merror[0m] [0m[0m	at scalafxml.core.macros.sfxmlMacro$.$anonfun$impl$11(sfxmlMacro.scala:181)[0m
[0m[[0m[31merror[0m] [0m[0m	at scala.collection.immutable.List.map(List.scala:293)[0m
[0m[[0m[31merror[0m] [0m[0m	at scalafxml.core.macros.sfxmlMacro$.$anonfun$impl$10(sfxmlMacro.scala:180)[0m
[0m[[0m[31merror[0m] [0m[0m	at scala.collection.immutable.List.map(List.scala:293)[0m
[0m[[0m[31merror[0m] [0m[0m	at scalafxml.core.macros.sfxmlMacro$.$anonfun$impl$9(sfxmlMacro.scala:180)[0m
[0m[[0m[31merror[0m] [0m[0m	at scala.collection.immutable.List.map(List.scala:297)[0m
[0m[[0m[31merror[0m] [0m[0m	at scalafxml.core.macros.sfxmlMacro$.impl(sfxmlMacro.scala:178)[0m
[0m[[0m[31merror[0m] [0m[0m	at java.base/jdk.internal.reflect.DirectMethodHandleAccessor.invoke(DirectMethodHandleAccessor.java:104)[0m
[0m[[0m[31merror[0m] [0m[0m	at java.base/java.lang.reflect.Method.invoke(Method.java:577)[0m
[0m[[0m[31merror[0m] [0m[0m	at scala.reflect.macros.runtime.JavaReflectionRuntimes$JavaReflectionResolvers.$anonfun$resolveJavaReflectionRuntime$6(JavaReflectionRuntimes.scala:51)[0m
[0m[[0m[31merror[0m] [0m[0m	at scala.tools.nsc.typechecker.Macros.macroExpandWithRuntime(Macros.scala:849)[0m
[0m[[0m[31merror[0m] [0m[0m@sfxml[0m
[0m[[0m[31merror[0m] [0m[0m ^[0m
[0m[[0m[31merror[0m] [0m[0mC:\Users\usman\OneDrive\Desktop\addressapp\src\main\scala\ch\makery\address\MainApp.scala:75:60: type Controller is not a member of ch.makery.address.view.HowToPlayController[0m
[0m[[0m[31merror[0m] [0m[0m    val control = loader.getController[HowToPlayController#Controller][0m
[0m[[0m[31merror[0m] [0m[0m                                                           ^[0m
[0m[[0m[31merror[0m] [0m[0mC:\Users\usman\OneDrive\Desktop\addressapp\src\main\scala\ch\makery\address\MainApp.scala:77:22: Symbol 'type javafx.stage.StageStyle' is missing from the classpath.[0m
[0m[[0m[31merror[0m] [0m[0mThis symbol is required by 'value scalafx.stage.Stage.style'.[0m
[0m[[0m[31merror[0m] [0m[0mMake sure that type StageStyle is in your classpath and check for conflicting dependencies with `-Ylog-classpath`.[0m
[0m[[0m[31merror[0m] [0m[0mA full rebuild may help if 'Stage.class' was compiled against an incompatible version of javafx.stage.[0m
[0m[[0m[31merror[0m] [0m[0m    val dialog = new Stage() {[0m
[0m[[0m[31merror[0m] [0m[0m                     ^[0m
[0m[[0m[31merror[0m] [0m[0mC:\Users\usman\OneDrive\Desktop\addressapp\src\main\scala\ch\makery\address\view\BoardController.scala:14:2: exception during macro expansion: [0m
[0m[[0m[31merror[0m] [0m[0mscala.ScalaReflectionException: object javafx.scene.image.ImageView in compiler mirror not found.[0m
[0m[[0m[31merror[0m] [0m[0m	at scala.reflect.internal.Mirrors$RootsBase.staticClass(Mirrors.scala:141)[0m
[0m[[0m[31merror[0m] [0m[0m	at scala.reflect.internal.Mirrors$RootsBase.staticClass(Mirrors.scala:29)[0m
[0m[[0m[31merror[0m] [0m[0m	at scalafxml.core.macros.sfxmlMacro$.determineInputType$1(sfxmlMacro.scala:119)[0m
[0m[[0m[31merror[0m] [0m[0m	at scalafxml.core.macros.sfxmlMacro$.$anonfun$impl$8(sfxmlMacro.scala:165)[0m
[0m[[0m[31merror[0m] [0m[0m	at scala.collection.immutable.List.map(List.scala:293)[0m
[0m[[0m[31merror[0m] [0m[0m	at scalafxml.core.macros.sfxmlMacro$.impl(sfxmlMacro.scala:163)[0m
[0m[[0m[31merror[0m] [0m[0m	at java.base/jdk.internal.reflect.DirectMethodHandleAccessor.invoke(DirectMethodHandleAccessor.java:104)[0m
[0m[[0m[31merror[0m] [0m[0m	at java.base/java.lang.reflect.Method.invoke(Method.java:577)[0m
[0m[[0m[31merror[0m] [0m[0m	at scala.reflect.macros.runtime.JavaReflectionRuntimes$JavaReflectionResolvers.$anonfun$resolveJavaReflectionRuntime$6(JavaReflectionRuntimes.scala:51)[0m
[0m[[0m[31merror[0m] [0m[0m	at scala.tools.nsc.typechecker.Macros.macroExpandWithRuntime(Macros.scala:849)[0m
[0m[[0m[31merror[0m] [0m[0m@sfxml[0m
[0m[[0m[31merror[0m] [0m[0m ^[0m
[0m[[0m[31merror[0m] [0m[0mC:\Users\usman\OneDrive\Desktop\addressapp\src\main\scala\ch\makery\address\view\CharacterController.scala:6:2: exception during macro expansion: [0m
[0m[[0m[31merror[0m] [0m[0mscala.ScalaReflectionException: object javafx.event.ActionEvent in compiler mirror not found.[0m
[0m[[0m[31merror[0m] [0m[0m	at scala.reflect.internal.Mirrors$RootsBase.staticClass(Mirrors.scala:141)[0m
[0m[[0m[31merror[0m] [0m[0m	at scala.reflect.internal.Mirrors$RootsBase.staticClass(Mirrors.scala:29)[0m
[0m[[0m[31merror[0m] [0m[0m	at scalafxml.core.macros.sfxmlMacro$.determineInputType$1(sfxmlMacro.scala:119)[0m
[0m[[0m[31merror[0m] [0m[0m	at scalafxml.core.macros.sfxmlMacro$.toJavaFXTypeOrOriginal$1(sfxmlMacro.scala:144)[0m
[0m[[0m[31merror[0m] [0m[0m	at scalafxml.core.macros.sfxmlMacro$.$anonfun$impl$11(sfxmlMacro.scala:181)[0m
[0m[[0m[31merror[0m] [0m[0m	at scala.collection.immutable.List.map(List.scala:293)[0m
[0m[[0m[31merror[0m] [0m[0m	at scalafxml.core.macros.sfxmlMacro$.$anonfun$impl$10(sfxmlMacro.scala:180)[0m
[0m[[0m[31merror[0m] [0m[0m	at scala.collection.immutable.List.map(List.scala:293)[0m
[0m[[0m[31merror[0m] [0m[0m	at scalafxml.core.macros.sfxmlMacro$.$anonfun$impl$9(sfxmlMacro.scala:180)[0m
[0m[[0m[31merror[0m] [0m[0m	at scala.collection.immutable.List.map(List.scala:293)[0m
[0m[[0m[31merror[0m] [0m[0m	at scalafxml.core.macros.sfxmlMacro$.impl(sfxmlMacro.scala:178)[0m
[0m[[0m[31merror[0m] [0m[0m	at java.base/jdk.internal.reflect.DirectMethodHandleAccessor.invoke(DirectMethodHandleAccessor.java:104)[0m
[0m[[0m[31merror[0m] [0m[0m	at java.base/java.lang.reflect.Method.invoke(Method.java:577)[0m
[0m[[0m[31merror[0m] [0m[0m	at scala.reflect.macros.runtime.JavaReflectionRuntimes$JavaReflectionResolvers.$anonfun$resolveJavaReflectionRuntime$6(JavaReflectionRuntimes.scala:51)[0m
[0m[[0m[31merror[0m] [0m[0m	at scala.tools.nsc.typechecker.Macros.macroExpandWithRuntime(Macros.scala:849)[0m
[0m[[0m[31merror[0m] [0m[0m@sfxml[0m
[0m[[0m[31merror[0m] [0m[0m ^[0m
[0m[[0m[31merror[0m] [0m[0mC:\Users\usman\OneDrive\Desktop\addressapp\src\main\scala\ch\makery\address\view\DifficultyController.scala:6:2: exception during macro expansion: [0m
[0m[[0m[31merror[0m] [0m[0mscala.ScalaReflectionException: object javafx.event.ActionEvent in compiler mirror not found.[0m
[0m[[0m[31merror[0m] [0m[0m	at scala.reflect.internal.Mirrors$RootsBase.staticClass(Mirrors.scala:141)[0m
[0m[[0m[31merror[0m] [0m[0m	at scala.reflect.internal.Mirrors$RootsBase.staticClass(Mirrors.scala:29)[0m
[0m[[0m[31merror[0m] [0m[0m	at scalafxml.core.macros.sfxmlMacro$.determineInputType$1(sfxmlMacro.scala:119)[0m
[0m[[0m[31merror[0m] [0m[0m	at scalafxml.core.macros.sfxmlMacro$.toJavaFXTypeOrOriginal$1(sfxmlMacro.scala:144)[0m
[0m[[0m[31merror[0m] [0m[0m	at scalafxml.core.macros.sfxmlMacro$.$anonfun$impl$11(sfxmlMacro.scala:181)[0m
[0m[[0m[31merror[0m] [0m[0m	at scala.collection.immutable.List.map(List.scala:293)[0m
[0m[[0m[31merror[0m] [0m[0m	at scalafxml.core.macros.sfxmlMacro$.$anonfun$impl$10(sfxmlMacro.scala:180)[0m
[0m[[0m[31merror[0m] [0m[0m	at scala.collection.immutable.List.map(List.scala:293)[0m
[0m[[0m[31merror[0m] [0m[0m	at scalafxml.core.macros.sfxmlMacro$.$anonfun$impl$9(sfxmlMacro.scala:180)[0m
[0m[[0m[31merror[0m] [0m[0m	at scala.collection.immutable.List.map(List.scala:293)[0m
[0m[[0m[31merror[0m] [0m[0m	at scalafxml.core.macros.sfxmlMacro$.impl(sfxmlMacro.scala:178)[0m
[0m[[0m[31merror[0m] [0m[0m	at java.base/jdk.internal.reflect.DirectMethodHandleAccessor.invoke(DirectMethodHandleAccessor.java:104)[0m
[0m[[0m[31merror[0m] [0m[0m	at java.base/java.lang.reflect.Method.invoke(Method.java:577)[0m
[0m[[0m[31merror[0m] [0m[0m	at scala.reflect.macros.runtime.JavaReflectionRuntimes$JavaReflectionResolvers.$anonfun$resolveJavaReflectionRuntime$6(JavaReflectionRuntimes.scala:51)[0m
[0m[[0m[31merror[0m] [0m[0m	at scala.tools.nsc.typechecker.Macros.macroExpandWithRuntime(Macros.scala:849)[0m
[0m[[0m[31merror[0m] [0m[0m@sfxml[0m
[0m[[0m[31merror[0m] [0m[0m ^[0m
[0m[[0m[31merror[0m] [0m[0mC:\Users\usman\OneDrive\Desktop\addressapp\src\main\scala\ch\makery\address\view\RootLayoutController.scala:6:2: exception during macro expansion: [0m
[0m[[0m[31merror[0m] [0m[0mscala.ScalaReflectionException: object javafx.event.ActionEvent in compiler mirror not found.[0m
[0m[[0m[31merror[0m] [0m[0m	at scala.reflect.internal.Mirrors$RootsBase.staticClass(Mirrors.scala:141)[0m
[0m[[0m[31merror[0m] [0m[0m	at scala.reflect.internal.Mirrors$RootsBase.staticClass(Mirrors.scala:29)[0m
[0m[[0m[31merror[0m] [0m[0m	at scalafxml.core.macros.sfxmlMacro$.determineInputType$1(sfxmlMacro.scala:119)[0m
[0m[[0m[31merror[0m] [0m[0m	at scalafxml.core.macros.sfxmlMacro$.toJavaFXTypeOrOriginal$1(sfxmlMacro.scala:144)[0m
[0m[[0m[31merror[0m] [0m[0m	at scalafxml.core.macros.sfxmlMacro$.$anonfun$impl$11(sfxmlMacro.scala:181)[0m
[0m[[0m[31merror[0m] [0m[0m	at scala.collection.immutable.List.map(List.scala:293)[0m
[0m[[0m[31merror[0m] [0m[0m	at scalafxml.core.macros.sfxmlMacro$.$anonfun$impl$10(sfxmlMacro.scala:180)[0m
[0m[[0m[31merror[0m] [0m[0m	at scala.collection.immutable.List.map(List.scala:293)[0m
[0m[[0m[31merror[0m] [0m[0m	at scalafxml.core.macros.sfxmlMacro$.$anonfun$impl$9(sfxmlMacro.scala:180)[0m
[0m[[0m[31merror[0m] [0m[0m	at scala.collection.immutable.List.map(List.scala:293)[0m
[0m[[0m[31merror[0m] [0m[0m	at scalafxml.core.macros.sfxmlMacro$.impl(sfxmlMacro.scala:178)[0m
[0m[[0m[31merror[0m] [0m[0m	at java.base/jdk.internal.reflect.DirectMethodHandleAccessor.invoke(DirectMethodHandleAccessor.java:104)[0m
[0m[[0m[31merror[0m] [0m[0m	at java.base/java.lang.reflect.Method.invoke(Method.java:577)[0m
[0m[[0m[31merror[0m] [0m[0m	at scala.reflect.macros.runtime.JavaReflectionRuntimes$JavaReflectionResolvers.$anonfun$resolveJavaReflectionRuntime$6(JavaReflectionRuntimes.scala:51)[0m
[0m[[0m[31merror[0m] [0m[0m	at scala.tools.nsc.typechecker.Macros.macroExpandWithRuntime(Macros.scala:849)[0m
[0m[[0m[31merror[0m] [0m[0m@sfxml[0m
[0m[[0m[31merror[0m] [0m[0m ^[0m
[0m[[0m[31merror[0m] [0m[0mC:\Users\usman\OneDrive\Desktop\addressapp\src\main\scala\ch\makery\address\view\WelcomePageController.scala:6:2: exception during macro expansion: [0m
[0m[[0m[31merror[0m] [0m[0mscala.ScalaReflectionException: object javafx.event.ActionEvent in compiler mirror not found.[0m
[0m[[0m[31merror[0m] [0m[0m	at scala.reflect.internal.Mirrors$RootsBase.staticClass(Mirrors.scala:141)[0m
[0m[[0m[31merror[0m] [0m[0m	at scala.reflect.internal.Mirrors$RootsBase.staticClass(Mirrors.scala:29)[0m
[0m[[0m[31merror[0m] [0m[0m	at scalafxml.core.macros.sfxmlMacro$.determineInputType$1(sfxmlMacro.scala:119)[0m
[0m[[0m[31merror[0m] [0m[0m	at scalafxml.core.macros.sfxmlMacro$.toJavaFXTypeOrOriginal$1(sfxmlMacro.scala:144)[0m
[0m[[0m[31merror[0m] [0m[0m	at scalafxml.core.macros.sfxmlMacro$.$anonfun$impl$11(sfxmlMacro.scala:181)[0m
[0m[[0m[31merror[0m] [0m[0m	at scala.collection.immutable.List.map(List.scala:293)[0m
[0m[[0m[31merror[0m] [0m[0m	at scalafxml.core.macros.sfxmlMacro$.$anonfun$impl$10(sfxmlMacro.scala:180)[0m
[0m[[0m[31merror[0m] [0m[0m	at scala.collection.immutable.List.map(List.scala:293)[0m
[0m[[0m[31merror[0m] [0m[0m	at scalafxml.core.macros.sfxmlMacro$.$anonfun$impl$9(sfxmlMacro.scala:180)[0m
[0m[[0m[31merror[0m] [0m[0m	at scala.collection.immutable.List.map(List.scala:293)[0m
[0m[[0m[31merror[0m] [0m[0m	at scalafxml.core.macros.sfxmlMacro$.impl(sfxmlMacro.scala:178)[0m
[0m[[0m[31merror[0m] [0m[0m	at java.base/jdk.internal.reflect.DirectMethodHandleAccessor.invoke(DirectMethodHandleAccessor.java:104)[0m
[0m[[0m[31merror[0m] [0m[0m	at java.base/java.lang.reflect.Method.invoke(Method.java:577)[0m
[0m[[0m[31merror[0m] [0m[0m	at scala.reflect.macros.runtime.JavaReflectionRuntimes$JavaReflectionResolvers.$anonfun$resolveJavaReflectionRuntime$6(JavaReflectionRuntimes.scala:51)[0m
[0m[[0m[31merror[0m] [0m[0m	at scala.tools.nsc.typechecker.Macros.macroExpandWithRuntime(Macros.scala:849)[0m
[0m[[0m[31merror[0m] [0m[0m@sfxml[0m
[0m[[0m[31merror[0m] [0m[0m ^[0m
[0m[[0m[31merror[0m] [0m[0m29 errors found[0m
[0m[[0m[31merror[0m] [0m[0m(Compile / [31mcompileIncremental[0m) Compilation failed[0m
[0m[[0m[31merror[0m] [0m[0mTotal time: 2 s, completed Aug 6, 2023, 1:05:46 AM[0m
[0m[[0m[0mdebug[0m] [0m[0m> Exec(shell, None, None)[0m
