[debug] > Exec(early(addDefaultCommands), None, None)
[debug] > Exec(addDefaultCommands, None, None)
[debug] > Exec(early(initialize), None, None)
[debug] > Exec(initialize, None, None)
[debug] > Exec(early(addPluginSbtFile="""C:\Users\usman\AppData\Local\Temp\idea.sbt"""), None, None)
[debug] > Exec(addPluginSbtFile="""C:\Users\usman\AppData\Local\Temp\idea.sbt""", None, None)
[debug] > Exec(boot, None, None)
[debug] > Exec(writeSbtVersion, None, None)
[debug] > Exec(reload, None, None)
[debug] > Exec(sbtStashOnFailure, None, None)
[debug] > Exec(onFailure loadFailed, None, None)
[debug] > Exec(loadp, None, None)
[info] welcome to sbt 1.8.2 (Oracle Corporation Java 1.8.0_361)
[debug]       Load.loadUnit: plugins took 255.7135ms
[debug]       Load.loadUnit: defsScala took 0.9515ms
[debug] [Loading] Scanning directory C:\Users\usman\.sbt\1.0\plugins
[debug] [Loading] Found non-root projects 
[debug] [Loading] Done in C:\Users\usman\.sbt\1.0\plugins, returning: ()
[debug] deducing auto plugins based on known facts Set(Atom(sbt.plugins.CorePlugin)) and clauses Clauses(Clause(Atom(sbt.plugins.JvmPlugin),Set(Atom(sbt.plugins.IvyPlugin)))
[debug] Clause(Atom(sbt.ScriptedPlugin),Set(Atom(sbt.plugins.JvmPlugin)))
[debug] Clause(Atom(sbt.plugins.SbtPlugin),Set(Atom(sbt.ScriptedPlugin)))
[debug] Clause(Atom(sbt.plugins.SemanticdbPlugin),Set(Atom(sbt.plugins.JvmPlugin)))
[debug] Clause(Atom(sbt.plugins.JUnitXmlReportPlugin),Set(Atom(sbt.plugins.JvmPlugin)))
[debug] Clause(Atom(sbt.plugins.MiniDependencyTreePlugin),Set(Atom(sbt.plugins.JvmPlugin)))
[debug] Clause(Atom(sbt.plugins.CorePlugin),Set(Atom(sbt.plugins.IvyPlugin)))
[debug] Clause(Atom(sbt.plugins.IvyPlugin),Set(Atom(sbt.plugins.JvmPlugin)))
[debug] Clause(Atom(sbt.plugins.JvmPlugin),Set(Atom(sbt.plugins.SemanticdbPlugin)))
[debug] Clause(Atom(sbt.plugins.JvmPlugin),Set(Atom(sbt.plugins.JUnitXmlReportPlugin)))
[debug] Clause(Atom(sbt.plugins.CorePlugin),Set(Atom(sbt.plugins.Giter8TemplatePlugin)))
[debug] Clause(Atom(sbt.plugins.JvmPlugin),Set(Atom(sbt.plugins.MiniDependencyTreePlugin))))
[debug]   :: deduced result: Matched(sbt.plugins.CorePlugin,sbt.plugins.Giter8TemplatePlugin,sbt.plugins.IvyPlugin,sbt.plugins.JvmPlugin,sbt.plugins.MiniDependencyTreePlugin,sbt.plugins.JUnitXmlReportPlugin,sbt.plugins.SemanticdbPlugin)
[debug] Plugins.deducer#function took 48.3428 ms
[debug]           Load.resolveProject(global-plugins) took 431.6533ms
[debug]         Load.loadTransitive: finalizeProject(Project(id global-plugins, base: C:\Users\usman\.sbt\1.0\plugins, plugins: List(<none>))) took 559.1395ms
[debug] [Loading] Done in C:\Users\usman\.sbt\1.0\plugins, returning: (global-plugins)
[debug]       Load.loadUnit: loadedProjectsRaw took 621.3714ms
[debug]       Load.loadUnit: cleanEvalClasses took 0.6913ms
[debug]     Load.loadUnit(file:/C:/Users/usman/.sbt/1.0/plugins/, ...) took 898.7927ms
[debug]   Load.apply: load took 1299.7299ms
[debug]   Load.apply: resolveProjects took 14.0696ms
[debug]   Load.apply: finalTransforms took 121.4362ms
[debug]   Load.apply: config.delegates took 15.682ms
[debug]   Load.apply: Def.make(settings)... took 833.7692ms
[debug]   Load.apply: structureIndex took 186.0349ms
[debug]   Load.apply: mkStreams took 3.4858ms
[info] loading global plugins from C:\Users\usman\.sbt\1.0\plugins
[debug] Running task... Cancel: Signal, check cycles: false, forcegc: true
[debug] Load.defaultLoad until apply took 5068.1216ms
[debug]           Load.loadUnit: plugins took 58.1977ms
[debug]           Load.loadUnit: defsScala took 0.0063ms
[debug] [Loading] Scanning directory C:\Users\usman\OneDrive\Desktop\addressapp\project
[debug]             Load.loadUnit: mkEval took 18.2513ms
[debug] [Loading] Found non-root projects 
[debug] [Loading] Done in C:\Users\usman\OneDrive\Desktop\addressapp\project, returning: ()
[debug] deducing auto plugins based on known facts Set(Atom(sbt.plugins.CorePlugin)) and clauses Clauses(Clause(Atom(sbt.plugins.JvmPlugin),Set(Atom(sbt.plugins.IvyPlugin)))
[debug] Clause(Atom(sbt.ScriptedPlugin),Set(Atom(sbt.plugins.JvmPlugin)))
[debug] Clause(Atom(sbt.plugins.SbtPlugin),Set(Atom(sbt.ScriptedPlugin)))
[debug] Clause(Atom(sbt.plugins.SemanticdbPlugin),Set(Atom(sbt.plugins.JvmPlugin)))
[debug] Clause(Atom(sbt.plugins.JUnitXmlReportPlugin),Set(Atom(sbt.plugins.JvmPlugin)))
[debug] Clause(Atom(sbt.plugins.MiniDependencyTreePlugin),Set(Atom(sbt.plugins.JvmPlugin)))
[debug] Clause(Atom(sbt.plugins.CorePlugin),Set(Atom(sbt.plugins.IvyPlugin)))
[debug] Clause(Atom(sbt.plugins.IvyPlugin),Set(Atom(sbt.plugins.JvmPlugin)))
[debug] Clause(Atom(sbt.plugins.JvmPlugin),Set(Atom(sbt.plugins.SemanticdbPlugin)))
[debug] Clause(Atom(sbt.plugins.JvmPlugin),Set(Atom(sbt.plugins.JUnitXmlReportPlugin)))
[debug] Clause(Atom(sbt.plugins.CorePlugin),Set(Atom(sbt.plugins.Giter8TemplatePlugin)))
[debug] Clause(Atom(sbt.plugins.JvmPlugin),Set(Atom(sbt.plugins.MiniDependencyTreePlugin))))
[debug]   :: deduced result: Matched(sbt.plugins.CorePlugin,sbt.plugins.Giter8TemplatePlugin,sbt.plugins.IvyPlugin,sbt.plugins.JvmPlugin,sbt.plugins.MiniDependencyTreePlugin,sbt.plugins.JUnitXmlReportPlugin,sbt.plugins.SemanticdbPlugin)
[debug] Plugins.deducer#function took 7.7345 ms
[info] loading settings for project addressapp-build from idea.sbt ...
[debug]               Load.resolveProject(addressapp-build) took 14.4881ms
[debug]             Load.loadTransitive: finalizeProject(Project(id addressapp-build, base: C:\Users\usman\OneDrive\Desktop\addressapp\project, plugins: List(<none>))) took 23.8948ms
[debug] [Loading] Done in C:\Users\usman\OneDrive\Desktop\addressapp\project, returning: (addressapp-build)
[debug]           Load.loadUnit: loadedProjectsRaw took 421.8012ms
[debug]           Load.loadUnit: cleanEvalClasses took 11.0205ms
[debug]         Load.loadUnit(file:/C:/Users/usman/OneDrive/Desktop/addressapp/project/, ...) took 493.4768ms
[debug]       Load.apply: load took 496.7691ms
[debug]       Load.apply: resolveProjects took 0.2528ms
[debug]       Load.apply: finalTransforms took 27.5718ms
[debug]       Load.apply: config.delegates took 0.7976ms
[debug]       Load.apply: Def.make(settings)... took 231.2035ms
[debug]       Load.apply: structureIndex took 57.0636ms
[debug]       Load.apply: mkStreams took 0.0046ms
[info] loading project definition from C:\Users\usman\OneDrive\Desktop\addressapp\project
[debug] Running task... Cancel: Signal, check cycles: false, forcegc: true
[warn] Unrecognized repository Scala Plugin Bundled Repository, ignoring it
[warn] Unrecognized repository Scala Plugin Bundled Repository, ignoring it
[debug]     Load.loadUnit: plugins took 4136.4203ms
[debug]     Load.loadUnit: defsScala took 0.0051ms
[debug] [Loading] Scanning directory C:\Users\usman\OneDrive\Desktop\addressapp
[debug]       Load.loadUnit: mkEval took 0.6708ms
[debug] [Loading] Found root project root w/ remaining 
[debug] deducing auto plugins based on known facts Set(Atom(sbt.plugins.CorePlugin)) and clauses Clauses(Clause(Atom(sbt.plugins.JvmPlugin),Set(Atom(sbt.plugins.IvyPlugin)))
[debug] Clause(Atom(sbt.ScriptedPlugin),Set(Atom(sbt.plugins.JvmPlugin)))
[debug] Clause(Atom(sbt.plugins.SbtPlugin),Set(Atom(sbt.ScriptedPlugin)))
[debug] Clause(Atom(sbt.plugins.SemanticdbPlugin),Set(Atom(sbt.plugins.JvmPlugin)))
[debug] Clause(Atom(sbt.plugins.JUnitXmlReportPlugin),Set(Atom(sbt.plugins.JvmPlugin)))
[debug] Clause(Atom(sbt.plugins.MiniDependencyTreePlugin),Set(Atom(sbt.plugins.JvmPlugin)))
[debug] Clause(Atom(org.jetbrains.sbt.StructurePlugin),Set(Atom(sbt.plugins.JvmPlugin)))
[debug] Clause(Atom(org.jetbrains.sbt.IdeaShellPlugin),Set(Atom(sbt.plugins.JvmPlugin)))
[debug] Clause(Atom(org.jetbrains.sbt.indices.SbtIntellijIndicesPlugin),Set(Atom(sbt.plugins.JvmPlugin)))
[debug] Clause(Atom(sbt.plugins.CorePlugin),Set(Atom(sbt.plugins.IvyPlugin)))
[debug] Clause(Atom(sbt.plugins.IvyPlugin),Set(Atom(sbt.plugins.JvmPlugin)))
[debug] Clause(Atom(sbt.plugins.JvmPlugin),Set(Atom(sbt.plugins.SemanticdbPlugin)))
[debug] Clause(Atom(sbt.plugins.JvmPlugin),Set(Atom(sbt.plugins.JUnitXmlReportPlugin)))
[debug] Clause(Atom(sbt.plugins.CorePlugin),Set(Atom(sbt.plugins.Giter8TemplatePlugin)))
[debug] Clause(Atom(sbt.plugins.JvmPlugin),Set(Atom(sbt.plugins.MiniDependencyTreePlugin)))
[debug] Clause(Atom(sbt.plugins.JvmPlugin),Set(Atom(org.jetbrains.sbt.StructurePlugin)))
[debug] Clause(Atom(sbt.plugins.JvmPlugin),Set(Atom(org.jetbrains.sbt.IdeaShellPlugin)))
[debug] Clause(And(Set(Atom(sbt.plugins.CorePlugin), Atom(sbt.plugins.JvmPlugin))),Set(Atom(org.jetbrains.sbt.indices.SbtIntellijIndicesPlugin))))
[debug]   :: deduced result: Matched(sbt.plugins.CorePlugin,sbt.plugins.Giter8TemplatePlugin,sbt.plugins.IvyPlugin,sbt.plugins.JvmPlugin,sbt.plugins.SemanticdbPlugin,org.jetbrains.sbt.indices.SbtIntellijIndicesPlugin,sbt.plugins.JUnitXmlReportPlugin,org.jetbrains.sbt.IdeaShellPlugin,org.jetbrains.sbt.StructurePlugin,sbt.plugins.MiniDependencyTreePlugin)
[debug] Plugins.deducer#function took 5.4621 ms
[info] loading settings for project root from build.sbt ...
[debug]         Load.resolveProject(root) took 97.0892ms
[debug]       Load.loadTransitive: finalizeProject(Project(id root, base: C:\Users\usman\OneDrive\Desktop\addressapp, plugins: List(<none>))) took 106.1285ms
[debug] [Loading] Done in C:\Users\usman\OneDrive\Desktop\addressapp, returning: (root)
[debug]     Load.loadUnit: loadedProjectsRaw took 6819.3727ms
[debug]     Load.loadUnit: cleanEvalClasses took 36.7188ms
[debug]   Load.loadUnit(file:/C:/Users/usman/OneDrive/Desktop/addressapp/, ...) took 10994.1623ms
[debug] Load.apply: load took 10997.6722ms
[debug] Load.apply: resolveProjects took 0.5413ms
[debug] Load.apply: finalTransforms took 71.9815ms
[debug] Load.apply: config.delegates took 0.7396ms
[debug] Load.apply: Def.make(settings)... took 176.4632ms
[debug] Load.apply: structureIndex took 53.5604ms
[debug] Load.apply: mkStreams took 0.0051ms
[info] set current project to addressapp (in build file:/C:/Users/usman/OneDrive/Desktop/addressapp/)
[debug] > Exec(sbtPopOnFailure, None, None)
[debug] > Exec(resumeFromFailure, None, None)
[debug] > Exec(notifyUsersAboutShell, None, None)
[debug] > Exec(iflast shell, None, None)
[debug] > Exec(; set ideaPort in Global := 56231 ; idea-shell, None, None)
[debug] > Exec(set ideaPort in Global := 56231, None, None)
[info] Defining Global / ideaPort
[info] The new value will be used by Compile / compile, Test / compile
[debug] Defining 
[debug] 	Global / ideaPort
[debug] 
[debug] The new value will be used by 
[debug] 	Compile / compile
[debug] 	Test / compile
[info] Reapplying settings...
[info] set current project to addressapp (in build file:/C:/Users/usman/OneDrive/Desktop/addressapp/)
[debug] > Exec(idea-shell, None, None)
